<?xml version="1.0" encoding="utf-8"?>
<TestRun id="0c8ca799-52d1-41d2-bf5b-5cc06e66a3fd" name="@f549d69177cb 2024-05-21 11:21:31" xmlns="http://microsoft.com/schemas/VisualStudio/TeamTest/2010">
  <Times creation="2024-05-21T11:21:31.2427779+00:00" queuing="2024-05-21T11:21:31.2427780+00:00" start="2024-05-21T11:21:29.9262611+00:00" finish="2024-05-21T11:21:31.2537674+00:00" />
  <TestSettings name="default" id="3f284f3d-4f9f-4b7f-91b9-7d70beb95d84">
    <Deployment runDeploymentRoot="_f549d69177cb_2024-05-21_11_21_31" />
  </TestSettings>
  <Results>
    <UnitTestResult executionId="9e39cf0f-9f3b-4bb1-8c40-b53eab7e1dab" testId="da83c108-45ca-43d5-92f5-9fd3dd527fed" testName="TestDatabaseCreated" computerName="f549d69177cb" duration="00:00:00.0054605" startTime="2024-05-21T11:21:31.0614063+00:00" endTime="2024-05-21T11:21:31.0669753+00:00" testType="13cdc9d9-ddb5-4fa4-a97d-d965ccfc6d4b" outcome="Passed" testListId="8c84fa94-04c1-424b-9868-57a2d4851a1d" relativeResultsDirectory="9e39cf0f-9f3b-4bb1-8c40-b53eab7e1dab" />
    <UnitTestResult executionId="bbb73fd9-4c8d-4ca3-a029-6fd3f8d8e939" testId="83cdb338-b547-4dd3-af37-553f9344b74b" testName="TestMethod1" computerName="f549d69177cb" duration="00:00:00.0001312" startTime="2024-05-21T11:21:31.0910051+00:00" endTime="2024-05-21T11:21:31.0913221+00:00" testType="13cdc9d9-ddb5-4fa4-a97d-d965ccfc6d4b" outcome="Passed" testListId="8c84fa94-04c1-424b-9868-57a2d4851a1d" relativeResultsDirectory="bbb73fd9-4c8d-4ca3-a029-6fd3f8d8e939" />
    <UnitTestResult executionId="b9387509-9c27-47c0-9056-b39372fab7a4" testId="668f06d5-7b33-4de5-b5cd-8113ab79c4ff" testName="TestDatabaseIsEmpty" computerName="f549d69177cb" duration="00:00:00.0015818" startTime="2024-05-21T11:21:31.0670176+00:00" endTime="2024-05-21T11:21:31.0686583+00:00" testType="13cdc9d9-ddb5-4fa4-a97d-d965ccfc6d4b" outcome="Passed" testListId="8c84fa94-04c1-424b-9868-57a2d4851a1d" relativeResultsDirectory="b9387509-9c27-47c0-9056-b39372fab7a4" />
    <UnitTestResult executionId="13c4277a-7e99-41f3-a3b9-f8ddf10b6364" testId="3ffe377b-4ece-4a06-997b-52c449889e92" testName="TestCheckTableDataIsEmpty" computerName="f549d69177cb" duration="00:00:00.0094497" startTime="2024-05-21T11:21:31.0814340+00:00" endTime="2024-05-21T11:21:31.0909661+00:00" testType="13cdc9d9-ddb5-4fa4-a97d-d965ccfc6d4b" outcome="Passed" testListId="8c84fa94-04c1-424b-9868-57a2d4851a1d" relativeResultsDirectory="13c4277a-7e99-41f3-a3b9-f8ddf10b6364" />
    <UnitTestResult executionId="613b64a5-573f-419d-8c57-754a29bbf1b1" testId="94a38137-8c6e-4505-8a3b-67f05c3dcecd" testName="TestConnectionToTheServer" computerName="f549d69177cb" duration="00:00:00.4455132" startTime="2024-05-21T11:21:30.5969923+00:00" endTime="2024-05-21T11:21:31.0560723+00:00" testType="13cdc9d9-ddb5-4fa4-a97d-d965ccfc6d4b" outcome="Passed" testListId="8c84fa94-04c1-424b-9868-57a2d4851a1d" relativeResultsDirectory="613b64a5-573f-419d-8c57-754a29bbf1b1" />
    <UnitTestResult executionId="fbe0d459-9243-4cac-9a74-941344895e82" testId="39113243-dc3a-4d9d-ae0e-696ca1d04386" testName="TestCheckTableIsEmpty" computerName="f549d69177cb" duration="00:00:00.0126731" startTime="2024-05-21T11:21:31.0686752+00:00" endTime="2024-05-21T11:21:31.0814051+00:00" testType="13cdc9d9-ddb5-4fa4-a97d-d965ccfc6d4b" outcome="Passed" testListId="8c84fa94-04c1-424b-9868-57a2d4851a1d" relativeResultsDirectory="fbe0d459-9243-4cac-9a74-941344895e82" />
  </Results>
  <TestDefinitions>
    <UnitTest name="TestConnectionToTheServer" storage="/app/test/bin/debug/net6.0/test.dll" id="94a38137-8c6e-4505-8a3b-67f05c3dcecd">
      <Execution id="613b64a5-573f-419d-8c57-754a29bbf1b1" />
      <TestMethod codeBase="/app/test/bin/Debug/net6.0/test.dll" adapterTypeName="executor://mstestadapter/v2" className="test.UnitTest1" name="TestConnectionToTheServer" />
    </UnitTest>
    <UnitTest name="TestCheckTableDataIsEmpty" storage="/app/test/bin/debug/net6.0/test.dll" id="3ffe377b-4ece-4a06-997b-52c449889e92">
      <Execution id="13c4277a-7e99-41f3-a3b9-f8ddf10b6364" />
      <TestMethod codeBase="/app/test/bin/Debug/net6.0/test.dll" adapterTypeName="executor://mstestadapter/v2" className="test.UnitTest1" name="TestCheckTableDataIsEmpty" />
    </UnitTest>
    <UnitTest name="TestCheckTableIsEmpty" storage="/app/test/bin/debug/net6.0/test.dll" id="39113243-dc3a-4d9d-ae0e-696ca1d04386">
      <Execution id="fbe0d459-9243-4cac-9a74-941344895e82" />
      <TestMethod codeBase="/app/test/bin/Debug/net6.0/test.dll" adapterTypeName="executor://mstestadapter/v2" className="test.UnitTest1" name="TestCheckTableIsEmpty" />
    </UnitTest>
    <UnitTest name="TestDatabaseCreated" storage="/app/test/bin/debug/net6.0/test.dll" id="da83c108-45ca-43d5-92f5-9fd3dd527fed">
      <Execution id="9e39cf0f-9f3b-4bb1-8c40-b53eab7e1dab" />
      <TestMethod codeBase="/app/test/bin/Debug/net6.0/test.dll" adapterTypeName="executor://mstestadapter/v2" className="test.UnitTest1" name="TestDatabaseCreated" />
    </UnitTest>
    <UnitTest name="TestMethod1" storage="/app/test/bin/debug/net6.0/test.dll" id="83cdb338-b547-4dd3-af37-553f9344b74b">
      <Execution id="bbb73fd9-4c8d-4ca3-a029-6fd3f8d8e939" />
      <TestMethod codeBase="/app/test/bin/Debug/net6.0/test.dll" adapterTypeName="executor://mstestadapter/v2" className="test.UnitTest1" name="TestMethod1" />
    </UnitTest>
    <UnitTest name="TestDatabaseIsEmpty" storage="/app/test/bin/debug/net6.0/test.dll" id="668f06d5-7b33-4de5-b5cd-8113ab79c4ff">
      <Execution id="b9387509-9c27-47c0-9056-b39372fab7a4" />
      <TestMethod codeBase="/app/test/bin/Debug/net6.0/test.dll" adapterTypeName="executor://mstestadapter/v2" className="test.UnitTest1" name="TestDatabaseIsEmpty" />
    </UnitTest>
  </TestDefinitions>
  <TestEntries>
    <TestEntry testId="da83c108-45ca-43d5-92f5-9fd3dd527fed" executionId="9e39cf0f-9f3b-4bb1-8c40-b53eab7e1dab" testListId="8c84fa94-04c1-424b-9868-57a2d4851a1d" />
    <TestEntry testId="83cdb338-b547-4dd3-af37-553f9344b74b" executionId="bbb73fd9-4c8d-4ca3-a029-6fd3f8d8e939" testListId="8c84fa94-04c1-424b-9868-57a2d4851a1d" />
    <TestEntry testId="668f06d5-7b33-4de5-b5cd-8113ab79c4ff" executionId="b9387509-9c27-47c0-9056-b39372fab7a4" testListId="8c84fa94-04c1-424b-9868-57a2d4851a1d" />
    <TestEntry testId="3ffe377b-4ece-4a06-997b-52c449889e92" executionId="13c4277a-7e99-41f3-a3b9-f8ddf10b6364" testListId="8c84fa94-04c1-424b-9868-57a2d4851a1d" />
    <TestEntry testId="94a38137-8c6e-4505-8a3b-67f05c3dcecd" executionId="613b64a5-573f-419d-8c57-754a29bbf1b1" testListId="8c84fa94-04c1-424b-9868-57a2d4851a1d" />
    <TestEntry testId="39113243-dc3a-4d9d-ae0e-696ca1d04386" executionId="fbe0d459-9243-4cac-9a74-941344895e82" testListId="8c84fa94-04c1-424b-9868-57a2d4851a1d" />
  </TestEntries>
  <TestLists>
    <TestList name="Results Not in a List" id="8c84fa94-04c1-424b-9868-57a2d4851a1d" />
    <TestList name="All Loaded Results" id="19431567-8539-422a-85d7-44ee4e166bda" />
  </TestLists>
  <ResultSummary outcome="Completed">
    <Counters total="6" executed="6" passed="6" failed="0" error="0" timeout="0" aborted="0" inconclusive="0" passedButRunAborted="0" notRunnable="0" notExecuted="0" disconnected="0" warning="0" completed="0" inProgress="0" pending="0" />
  </ResultSummary>
</TestRun>