<?xml version="1.0" encoding="utf-8"?>
<TestRun id="22f426ec-7c10-4042-9644-750c027a2a42" name="@54c749187132 2024-05-28 11:49:04" xmlns="http://microsoft.com/schemas/VisualStudio/TeamTest/2010">
  <Times creation="2024-05-28T11:49:04.7885335+00:00" queuing="2024-05-28T11:49:04.7885335+00:00" start="2024-05-28T11:49:03.4326702+00:00" finish="2024-05-28T11:49:04.7985186+00:00" />
  <TestSettings name="default" id="6c2a1295-670e-4514-ab28-a181efd0be8c">
    <Deployment runDeploymentRoot="_54c749187132_2024-05-28_11_49_04" />
  </TestSettings>
  <Results>
    <UnitTestResult executionId="db38c27a-e7cb-457a-ab20-e42ca104b67f" testId="d92f9e91-b555-4991-a59e-5cc5d1fc77ea" testName="TestDatabaseIsEmpty" computerName="54c749187132" duration="00:00:00.0030108" startTime="2024-05-28T11:49:04.6103406+00:00" endTime="2024-05-28T11:49:04.6134991+00:00" testType="13cdc9d9-ddb5-4fa4-a97d-d965ccfc6d4b" outcome="Passed" testListId="8c84fa94-04c1-424b-9868-57a2d4851a1d" relativeResultsDirectory="db38c27a-e7cb-457a-ab20-e42ca104b67f" />
    <UnitTestResult executionId="7d1a3a6b-18c0-4a21-b399-8d3959b9a92c" testId="e02223df-500b-47ba-a458-789a905f403f" testName="TestMethod1" computerName="54c749187132" duration="00:00:00.0000806" startTime="2024-05-28T11:49:04.6400371+00:00" endTime="2024-05-28T11:49:04.6402782+00:00" testType="13cdc9d9-ddb5-4fa4-a97d-d965ccfc6d4b" outcome="Passed" testListId="8c84fa94-04c1-424b-9868-57a2d4851a1d" relativeResultsDirectory="7d1a3a6b-18c0-4a21-b399-8d3959b9a92c" />
    <UnitTestResult executionId="fc4dfa4b-4e25-4145-a85a-24a6794f2a11" testId="2115aa65-5fa8-4a89-8925-a9113781f722" testName="TestDatabaseCreated" computerName="54c749187132" duration="00:00:00.0072942" startTime="2024-05-28T11:49:04.6028103+00:00" endTime="2024-05-28T11:49:04.6102759+00:00" testType="13cdc9d9-ddb5-4fa4-a97d-d965ccfc6d4b" outcome="Passed" testListId="8c84fa94-04c1-424b-9868-57a2d4851a1d" relativeResultsDirectory="fc4dfa4b-4e25-4145-a85a-24a6794f2a11" />
    <UnitTestResult executionId="a1154e36-6e79-449a-acf4-25a51ff09f43" testId="d837b645-649e-4856-9419-171bbaeca5f9" testName="TestConnectionToTheServer" computerName="54c749187132" duration="00:00:00.4377991" startTime="2024-05-28T11:49:04.1415146+00:00" endTime="2024-05-28T11:49:04.5973073+00:00" testType="13cdc9d9-ddb5-4fa4-a97d-d965ccfc6d4b" outcome="Passed" testListId="8c84fa94-04c1-424b-9868-57a2d4851a1d" relativeResultsDirectory="a1154e36-6e79-449a-acf4-25a51ff09f43" />
    <UnitTestResult executionId="8e7431cc-b6ab-418f-ac0a-3a27ba0d3f4a" testId="b52d47c1-5acf-4a9d-9c39-85495f763abe" testName="TestCheckTableDataIsEmpty" computerName="54c749187132" duration="00:00:00.0087163" startTime="2024-05-28T11:49:04.6311970+00:00" endTime="2024-05-28T11:49:04.6400049+00:00" testType="13cdc9d9-ddb5-4fa4-a97d-d965ccfc6d4b" outcome="Passed" testListId="8c84fa94-04c1-424b-9868-57a2d4851a1d" relativeResultsDirectory="8e7431cc-b6ab-418f-ac0a-3a27ba0d3f4a" />
    <UnitTestResult executionId="473cf37a-e358-434b-a8ca-9dc619cd22b1" testId="e429eadf-fb88-4c0d-8268-311f0bf706f5" testName="TestCheckTableIsEmpty" computerName="54c749187132" duration="00:00:00.0175061" startTime="2024-05-28T11:49:04.6135434+00:00" endTime="2024-05-28T11:49:04.6311563+00:00" testType="13cdc9d9-ddb5-4fa4-a97d-d965ccfc6d4b" outcome="Passed" testListId="8c84fa94-04c1-424b-9868-57a2d4851a1d" relativeResultsDirectory="473cf37a-e358-434b-a8ca-9dc619cd22b1" />
  </Results>
  <TestDefinitions>
    <UnitTest name="TestCheckTableIsEmpty" storage="/app/test/bin/debug/net6.0/test.dll" id="e429eadf-fb88-4c0d-8268-311f0bf706f5">
      <Execution id="473cf37a-e358-434b-a8ca-9dc619cd22b1" />
      <TestMethod codeBase="/app/test/bin/Debug/net6.0/test.dll" adapterTypeName="executor://mstestadapter/v2" className="test.UnitTest1" name="TestCheckTableIsEmpty" />
    </UnitTest>
    <UnitTest name="TestConnectionToTheServer" storage="/app/test/bin/debug/net6.0/test.dll" id="d837b645-649e-4856-9419-171bbaeca5f9">
      <Execution id="a1154e36-6e79-449a-acf4-25a51ff09f43" />
      <TestMethod codeBase="/app/test/bin/Debug/net6.0/test.dll" adapterTypeName="executor://mstestadapter/v2" className="test.UnitTest1" name="TestConnectionToTheServer" />
    </UnitTest>
    <UnitTest name="TestMethod1" storage="/app/test/bin/debug/net6.0/test.dll" id="e02223df-500b-47ba-a458-789a905f403f">
      <Execution id="7d1a3a6b-18c0-4a21-b399-8d3959b9a92c" />
      <TestMethod codeBase="/app/test/bin/Debug/net6.0/test.dll" adapterTypeName="executor://mstestadapter/v2" className="test.UnitTest1" name="TestMethod1" />
    </UnitTest>
    <UnitTest name="TestDatabaseCreated" storage="/app/test/bin/debug/net6.0/test.dll" id="2115aa65-5fa8-4a89-8925-a9113781f722">
      <Execution id="fc4dfa4b-4e25-4145-a85a-24a6794f2a11" />
      <TestMethod codeBase="/app/test/bin/Debug/net6.0/test.dll" adapterTypeName="executor://mstestadapter/v2" className="test.UnitTest1" name="TestDatabaseCreated" />
    </UnitTest>
    <UnitTest name="TestDatabaseIsEmpty" storage="/app/test/bin/debug/net6.0/test.dll" id="d92f9e91-b555-4991-a59e-5cc5d1fc77ea">
      <Execution id="db38c27a-e7cb-457a-ab20-e42ca104b67f" />
      <TestMethod codeBase="/app/test/bin/Debug/net6.0/test.dll" adapterTypeName="executor://mstestadapter/v2" className="test.UnitTest1" name="TestDatabaseIsEmpty" />
    </UnitTest>
    <UnitTest name="TestCheckTableDataIsEmpty" storage="/app/test/bin/debug/net6.0/test.dll" id="b52d47c1-5acf-4a9d-9c39-85495f763abe">
      <Execution id="8e7431cc-b6ab-418f-ac0a-3a27ba0d3f4a" />
      <TestMethod codeBase="/app/test/bin/Debug/net6.0/test.dll" adapterTypeName="executor://mstestadapter/v2" className="test.UnitTest1" name="TestCheckTableDataIsEmpty" />
    </UnitTest>
  </TestDefinitions>
  <TestEntries>
    <TestEntry testId="d92f9e91-b555-4991-a59e-5cc5d1fc77ea" executionId="db38c27a-e7cb-457a-ab20-e42ca104b67f" testListId="8c84fa94-04c1-424b-9868-57a2d4851a1d" />
    <TestEntry testId="e02223df-500b-47ba-a458-789a905f403f" executionId="7d1a3a6b-18c0-4a21-b399-8d3959b9a92c" testListId="8c84fa94-04c1-424b-9868-57a2d4851a1d" />
    <TestEntry testId="2115aa65-5fa8-4a89-8925-a9113781f722" executionId="fc4dfa4b-4e25-4145-a85a-24a6794f2a11" testListId="8c84fa94-04c1-424b-9868-57a2d4851a1d" />
    <TestEntry testId="d837b645-649e-4856-9419-171bbaeca5f9" executionId="a1154e36-6e79-449a-acf4-25a51ff09f43" testListId="8c84fa94-04c1-424b-9868-57a2d4851a1d" />
    <TestEntry testId="b52d47c1-5acf-4a9d-9c39-85495f763abe" executionId="8e7431cc-b6ab-418f-ac0a-3a27ba0d3f4a" testListId="8c84fa94-04c1-424b-9868-57a2d4851a1d" />
    <TestEntry testId="e429eadf-fb88-4c0d-8268-311f0bf706f5" executionId="473cf37a-e358-434b-a8ca-9dc619cd22b1" testListId="8c84fa94-04c1-424b-9868-57a2d4851a1d" />
  </TestEntries>
  <TestLists>
    <TestList name="Results Not in a List" id="8c84fa94-04c1-424b-9868-57a2d4851a1d" />
    <TestList name="All Loaded Results" id="19431567-8539-422a-85d7-44ee4e166bda" />
  </TestLists>
  <ResultSummary outcome="Completed">
    <Counters total="6" executed="6" passed="6" failed="0" error="0" timeout="0" aborted="0" inconclusive="0" passedButRunAborted="0" notRunnable="0" notExecuted="0" disconnected="0" warning="0" completed="0" inProgress="0" pending="0" />
  </ResultSummary>
</TestRun>